<?xml version="1.0" encoding="UTF-8"?>
<!-- Generated by org.testng.reporters.JUnitReportReporter -->
<testsuite hostname="DESKTOP-74E9B3T" failures="0" tests="1" name="selenium.testng.firstTest" time="1.537" errors="0" timestamp="2021-06-08T11:09:33 IST" skipped="0">
  <testcase classname="selenium.testng.firstTest" name="firsttest" time="1.537"/>
  <system-out/>
</testsuite> <!-- selenium.testng.firstTest -->
