<?xml version="1.0" encoding="UTF-8"?>
<!-- Generated by org.testng.reporters.JUnitReportReporter -->
<testsuite hostname="DESKTOP-74E9B3T" failures="0" tests="1" name="selenium.testng.secondTest" time="4.927" errors="0" timestamp="2021-03-11T20:11:51 IST" skipped="0">
  <testcase classname="selenium.testng.secondTest" name="firsttest" time="4.927"/>
  <system-out/>
</testsuite> <!-- selenium.testng.secondTest -->
