<?xml version="1.0" encoding="UTF-8"?>
<!-- Generated by org.testng.reporters.JUnitReportReporter -->
<testsuite hostname="poorvid" failures="0" tests="1" name="selenium.testng.secondTest" time="1.084" errors="0" timestamp="2021-06-08T11:41:30 IST" skipped="0">
  <testcase classname="selenium.testng.secondTest" name="firsttest" time="1.084"/>
  <system-out/>
</testsuite> <!-- selenium.testng.secondTest -->
