<?xml version="1.0" encoding="UTF-8"?>
<!-- Generated by org.testng.reporters.JUnitReportReporter -->
<testsuite hostname="poorvid" failures="0" tests="1" name="selenium.testng.firstTest" time="4.886" errors="0" timestamp="2021-06-08T11:41:30 IST" skipped="0">
  <testcase classname="selenium.testng.firstTest" name="firsttest" time="4.886"/>
  <system-out/>
</testsuite> <!-- selenium.testng.firstTest -->
